<testsuites>
	<testsuite name="AllTests" tests="7">
		<testcase classname="AllTests" name="testFizzBuzzNumberOne"/>
		<testcase classname="AllTests" name="testFizzBuzzNumberTwo"/>
		<testcase classname="AllTests" name="testFizzBuzzNumberThree"/>
		<testcase classname="AllTests" name="testFizzBuzzNumberFive"/>
		<testcase classname="AllTests" name="testFizzBuzzNumberFifteen"/>
		<testcase classname="AllTests" name="testFizzBuzzSequenceUpTo16">
			<failure message="../src/FizzBuzzVariadic.cpp:131 testFizzBuzzSequenceUpTo16: can not compare tuples">
testFizzBuzzSequenceUpTo16: can not compare tuples
			</failure>
		</testcase>
		<testcase classname="AllTests" name="testFizzBuzzPrinting">
			<failure message="../src/FizzBuzzVariadic.cpp:139 testFizzBuzzPrinting: &quot;1, 2, Fizz, 4, Buzz, Fizz, 7, 8, Fizz, Buzz, 11, Fizz, 13, 14, FizzBuzz, 16\\n&quot; == out.str() expected:	1, 2, Fizz, 4, Buzz, Fizz, 7, 8, Fizz, Buzz, 11, Fizz, 13, 14, FizzBuzz, 16\n	but was:	1, 2, Fizz, 4, Buzz, 6, 7, 8, 9, 10, 11, 12, 13, 14, FizzBuzz, 16\n	">
testFizzBuzzPrinting: &quot;1, 2, Fizz, 4, Buzz, Fizz, 7, 8, Fizz, Buzz, 11, Fizz, 13, 14, FizzBuzz, 16\\n&quot; == out.str() expected:	1, 2, Fizz, 4, Buzz, Fizz, 7, 8, Fizz, Buzz, 11, Fizz, 13, 14, FizzBuzz, 16\n	but was:	1, 2, Fizz, 4, Buzz, 6, 7, 8, 9, 10, 11, 12, 13, 14, FizzBuzz, 16\n	
			</failure>
		</testcase>
	</testsuite>
</testsuites>
